Flutter crash report.
Please report a bug at https://github.com/flutter/flutter/issues.

## command

flutter --no-color pub get

## exception

FileSystemException: FileSystemException: readInto failed, path = '/Users/hamzaoso/Documents/FlutterDev/sdk/flutter/bin/internal/material_fonts.version' (OS Error: Operation timed out, errno = 60)

```
#0      _RandomAccessFile.readIntoSync (dart:io/file_impl.dart:834:7)
#1      _File.readAsBytesSync (dart:io/file_impl.dart:593:35)
#2      _File.readAsStringSync (dart:io/file_impl.dart:624:18)
#3      ForwardingFile.readAsStringSync (package:file/src/forwarding/forwarding_file.dart:99:16)
#4      ErrorHandlingFile.readAsStringSync.<anonymous closure> (package:flutter_tools/src/base/error_handling_io.dart:218:22)
#5      _runSync (package:flutter_tools/src/base/error_handling_io.dart:590:14)
#6      ErrorHandlingFile.readAsStringSync (package:flutter_tools/src/base/error_handling_io.dart:217:12)
#7      Cache.getVersionFor (package:flutter_tools/src/cache.dart:607:51)
#8      CachedArtifact.version (package:flutter_tools/src/cache.dart:774:32)
#9      CachedArtifact.isUpToDate (package:flutter_tools/src/cache.dart:787:9)
#10     Cache.updateAll (package:flutter_tools/src/cache.dart:675:26)
#11     FlutterCommand.verifyThenRunCommand (package:flutter_tools/src/runner/flutter_command.dart:1566:27)
#12     FlutterCommand.run.<anonymous closure> (package:flutter_tools/src/runner/flutter_command.dart:1297:33)
<asynchronous suspension>
#13     AppContext.run.<anonymous closure> (package:flutter_tools/src/base/context.dart:150:19)
<asynchronous suspension>
#14     CommandRunner.runCommand (package:args/command_runner.dart:212:13)
<asynchronous suspension>
#15     FlutterCommandRunner.runCommand.<anonymous closure> (package:flutter_tools/src/runner/flutter_command_runner.dart:339:9)
<asynchronous suspension>
#16     AppContext.run.<anonymous closure> (package:flutter_tools/src/base/context.dart:150:19)
<asynchronous suspension>
#17     FlutterCommandRunner.runCommand (package:flutter_tools/src/runner/flutter_command_runner.dart:285:5)
<asynchronous suspension>
#18     run.<anonymous closure>.<anonymous closure> (package:flutter_tools/runner.dart:115:9)
<asynchronous suspension>
#19     AppContext.run.<anonymous closure> (package:flutter_tools/src/base/context.dart:150:19)
<asynchronous suspension>
#20     main (package:flutter_tools/executable.dart:90:3)
<asynchronous suspension>
```

## flutter doctor

```
[☠] Flutter (the doctor check crashed)
    ✗ Due to an error, the doctor check did not complete. If the error message below is not helpful, please let us know about this issue at https://github.com/flutter/flutter/issues.
    ✗ FileSystemException: readInto failed, path = '/Users/hamzaoso/Documents/FlutterDev/sdk/flutter/bin/cache/dart-sdk/bin/resources/devtools/version.json' (OS Error: Operation timed out, errno = 60)
    • #0      _RandomAccessFile.readIntoSync (dart:io/file_impl.dart:834:7)
      #1      _File.readAsBytesSync (dart:io/file_impl.dart:593:35)
      #2      _File.readAsStringSync (dart:io/file_impl.dart:624:18)
      #3      ForwardingFile.readAsStringSync (package:file/src/forwarding/forwarding_file.dart:99:16)
      #4      ErrorHandlingFile.readAsStringSync.<anonymous closure> (package:flutter_tools/src/base/error_handling_io.dart:218:22)
      #5      _runSync (package:flutter_tools/src/base/error_handling_io.dart:590:14)
      #6      ErrorHandlingFile.readAsStringSync (package:flutter_tools/src/base/error_handling_io.dart:217:12)
      #7      Cache.devToolsVersion (package:flutter_tools/src/cache.dart:392:51)
      #8      _DefaultDoctorValidatorsProvider.validators.<anonymous closure> (package:flutter_tools/src/doctor.dart:127:46)
      #9      FlutterValidator.validate (package:flutter_tools/src/doctor.dart:530:84)
      #10     Doctor.startValidatorTasks.<anonymous closure> (package:flutter_tools/src/doctor.dart:258:72)
      #11     asyncGuard.<anonymous closure> (package:flutter_tools/src/base/async_guard.dart:111:32)
      #12     _rootRun (dart:async/zone.dart:1399:13)
      #13     _CustomZone.run (dart:async/zone.dart:1301:19)
      #14     _runZoned (dart:async/zone.dart:1804:10)
      #15     runZonedGuarded (dart:async/zone.dart:1792:12)
      #16     runZoned (dart:async/zone.dart:1744:12)
      #17     asyncGuard (package:flutter_tools/src/base/async_guard.dart:109:3)
      #18     Doctor.startValidatorTasks (package:flutter_tools/src/doctor.dart:250:9)
      #19     DoctorText._validatorTasks (package:flutter_tools/src/doctor.dart:741:60)
      #20     DoctorText._validatorTasks (package:flutter_tools/src/doctor.dart)
      #21     DoctorText._runDiagnosis (package:flutter_tools/src/doctor.dart:745:53)
      #22     DoctorText.text (package:flutter_tools/src/doctor.dart:737:36)
      #23     DoctorText.text (package:flutter_tools/src/doctor.dart)
      #24     _createLocalCrashReport (package:flutter_tools/runner.dart:257:51)
      #25     _handleToolError (package:flutter_tools/runner.dart:219:31)
      <asynchronous suspension>
      #26     AppContext.run.<anonymous closure> (package:flutter_tools/src/base/context.dart:150:19)
      <asynchronous suspension>
      #27     main (package:flutter_tools/executable.dart:90:3)
      <asynchronous suspension>


[✓] Android toolchain - develop for Android devices (Android SDK version 34.0.0)
    • Android SDK at /Users/hamzaoso/Library/Android/sdk
    • Platform android-34, build-tools 34.0.0
    • Java binary at: /Applications/Android Studio.app/Contents/jbr/Contents/Home/bin/java
    • Java version OpenJDK Runtime Environment (build 17.0.6+0-17.0.6b802.4-9586694)
    • All Android licenses accepted.

[✓] Xcode - develop for iOS and macOS (Xcode 15.0.1)
    • Xcode at /Applications/Xcode.app/Contents/Developer
    • Build 15A507
    • CocoaPods version 1.13.0

[✓] Chrome - develop for the web
    • Chrome at /Applications/Google Chrome.app/Contents/MacOS/Google Chrome

[✓] Android Studio (version 2022.2)
    • Android Studio at /Applications/Android Studio.app/Contents
    • Flutter plugin can be installed from:
      🔨 https://plugins.jetbrains.com/plugin/9212-flutter
    • Dart plugin can be installed from:
      🔨 https://plugins.jetbrains.com/plugin/6351-dart
    • Java version OpenJDK Runtime Environment (build 17.0.6+0-17.0.6b802.4-9586694)

[✓] VS Code (version 1.84.2)
    • VS Code at /Applications/Visual Studio Code.app/Contents
    • Flutter extension can be installed from:
      🔨 https://marketplace.visualstudio.com/items?itemName=Dart-Code.flutter

[✓] Connected device (2 available)
    • macOS (desktop) • macos  • darwin-arm64   • macOS 14.1.1 23B81 darwin-arm64
    • Chrome (web)    • chrome • web-javascript • Google Chrome 119.0.6045.159

[✓] Network resources
    • All expected network resources are available.

! Doctor found issues in 1 category.
```
